<?xml version="1.0" encoding="UTF-8"?>
<!-- Generated by org.testng.reporters.JUnitXMLReporter -->
<testsuite hostname="Madhusudhan" name="Test" tests="2" failures="0" timestamp="26 May 2016 16:43:34 GMT" time="21.774" errors="0">
  <testcase name="@BeforeMethod initilizations" time="0.0" classname="com.redbus.testScripts.REDBUS002SelectSeatAndPickupLocation">
    <failure type="java.io.FileNotFoundException" message="D:\RedbusAutomationProject\RedbusAutomationProject\src\main\java\com\redbus\testData\PATH (The system cannot find the file specified)">
      <![CDATA[java.io.FileNotFoundException: D:\RedbusAutomationProject\RedbusAutomationProject\src\main\java\com\redbus\testData\PATH (The system cannot find the file specified)
	at java.io.FileInputStream.open(Native Method)
	at java.io.FileInputStream.<init>(FileInputStream.java:146)
	at java.io.FileInputStream.<init>(FileInputStream.java:101)
	at com.redbus.datadriven.ReadExcelFile.loadExcel(ReadExcelFile.java:17)
	at com.redbus.testScripts.REDBUS002SelectSeatAndPickupLocation.initilizations(REDBUS002SelectSeatAndPickupLocation.java:22)
... Removed 27 stack frames]]>
    </failure>
  </testcase> <!-- @BeforeMethod initilizations -->
  <testcase name="@AfterMethod shutDown" time="0.0" classname="com.redbus.testScripts.REDBUS002SelectSeatAndPickupLocation">
    <skipped/>
  </testcase> <!-- @AfterMethod shutDown -->
  <testcase name="@BeforeMethod testScriptSetup" time="0.0" classname="com.redbus.testScripts.REDBUS001SearchForBuses">
    <skipped/>
  </testcase> <!-- @BeforeMethod testScriptSetup -->
  <testcase name="@AfterMethod shutDown" time="0.0" classname="com.redbus.testScripts.REDBUS001SearchForBuses">
    <skipped/>
  </testcase> <!-- @AfterMethod shutDown -->
  <testcase name="BookATicket" time="0.018" classname="com.redbus.testScripts.REDBUS002SelectSeatAndPickupLocation">
    <skipped/>
  </testcase> <!-- BookATicket -->
  <testcase name="verifySearchBuses" time="0.004" classname="com.redbus.testScripts.REDBUS001SearchForBuses">
    <skipped/>
  </testcase> <!-- verifySearchBuses -->
</testsuite> <!-- Test -->
